[00:04:10] [ServerMain/INFO]: [bootstrap] Running Java 21 (OpenJDK 64-Bit Server VM 21.0.9+10-Ubuntu-124.04; Ubuntu null) on Linux 6.8.0-1030-azure (amd64)
[00:04:10] [ServerMain/INFO]: [bootstrap] Loading Paper 1.21.8-6-main@782ce95 (2025-07-18T20:26:58Z) for Minecraft 1.21.8
[00:04:10] [ServerMain/INFO]: [PluginInitializerManager] Initializing plugins...
[00:04:10] [ServerMain/INFO]: [PluginInitializerManager] Initialized 0 plugins
[00:04:16] [ServerMain/INFO]: Environment: Environment[sessionHost=https://sessionserver.mojang.com, servicesHost=https://api.minecraftservices.com, name=PROD]
[00:04:16] [ServerMain/INFO]: Found new data pack file/bukkit, loading it automatically
[00:04:16] [ServerMain/INFO]: Found new data pack paper, loading it automatically
[00:04:17] [ServerMain/INFO]: No existing world data, creating new world
[00:04:18] [ServerMain/INFO]: Loaded 1407 recipes
[00:04:18] [ServerMain/INFO]: Loaded 1520 advancements
[00:04:18] [ServerMain/INFO]: [ca.spottedleaf.dataconverter.minecraft.datatypes.MCTypeRegistry] Initialising converters for DataConverter...
[00:04:18] [ServerMain/INFO]: [ca.spottedleaf.dataconverter.minecraft.datatypes.MCTypeRegistry] Finished initialising converters for DataConverter in 461.1ms
[00:04:18] [Server thread/INFO]: Starting minecraft server version 1.21.8
[00:04:18] [Server thread/INFO]: Loading properties
[00:04:18] [Server thread/INFO]: This server is running Paper version 1.21.8-6-main@782ce95 (2025-07-18T20:26:58Z) (Implementing API version 1.21.8-R0.1-SNAPSHOT)
[00:04:18] [Server thread/INFO]: [spark] This server bundles the spark profiler. For more information please visit https://docs.papermc.io/paper/profiling
[00:04:18] [Server thread/INFO]: Server Ping Player Sample Count: 12
[00:04:18] [Server thread/INFO]: Using 4 threads for Netty based IO
[00:04:19] [Server thread/INFO]: [MoonriseCommon] Paper is using 1 worker threads, 1 I/O threads
[00:04:19] [Server thread/INFO]: [ChunkTaskScheduler] Chunk system is using population gen parallelism: true
[00:04:19] [Server thread/INFO]: Default game type: SURVIVAL
[00:04:19] [Server thread/INFO]: Generating keypair
[00:04:19] [Server thread/INFO]: Starting Minecraft server on *:25565
[00:04:19] [Server thread/INFO]: Using epoll channel type
[00:04:19] [Server thread/INFO]: Paper: Using libdeflate (Linux x86_64) compression from Velocity.
[00:04:19] [Server thread/INFO]: Paper: Using OpenSSL 3.x.x (Linux x86_64) cipher from Velocity.
[00:04:20] [Server thread/WARN]: **** FAILED TO BIND TO PORT!
[00:04:20] [Server thread/WARN]: The exception was: io.netty.channel.unix.Errors$NativeIoException: bind(..) failed: Address already in use
[00:04:20] [Server thread/WARN]: Perhaps a server is already running on that port?
[00:04:20] [Server thread/ERROR]: Encountered an unexpected exception
java.lang.IllegalStateException: Failed to bind to port
	at net.minecraft.server.dedicated.DedicatedServer.initServer(DedicatedServer.java:230) ~[paper-1.21.8.jar:1.21.8-6-782ce95]
	at net.minecraft.server.MinecraftServer.runServer(MinecraftServer.java:1164) ~[paper-1.21.8.jar:1.21.8-6-782ce95]
	at net.minecraft.server.MinecraftServer.lambda$spin$2(MinecraftServer.java:310) ~[paper-1.21.8.jar:1.21.8-6-782ce95]
	at java.base/java.lang.Thread.run(Thread.java:1583) ~[?:?]
Caused by: io.netty.channel.unix.Errors$NativeIoException: bind(..) failed: Address already in use
[00:04:20] [Server thread/ERROR]: This crash report has been saved to: /workspaces/SvTm/servidor_minecraft/crash-reports/crash-2026-01-06_00.04.20-server.txt
[00:04:20] [Server thread/INFO]: Stopping server
[00:04:20] [Server thread/INFO]: Saving players
[00:04:20] [Server thread/INFO]: Saving worlds
[00:04:20] [Server thread/INFO]: ThreadedAnvilChunkStorage: All dimensions are saved
[00:04:20] [Server thread/INFO]: Waiting for all RegionFile I/O tasks to complete...
[00:04:20] [Server thread/INFO]: All RegionFile I/O tasks to complete
[00:04:20] [Server thread/INFO]: [MoonriseCommon] Awaiting termination of worker pool for up to 60s...
[00:04:20] [Server thread/INFO]: [MoonriseCommon] Awaiting termination of I/O pool for up to 60s...
